<?xml version="1.0" encoding="UTF-8"?>
<!-- Generated by org.testng.reporters.JUnitReportReporter -->
<testsuite hostname="DESKTOP-HR87NGL" failures="0" tests="1" name="com.MainFramework.Amazon.MainTestCases" time="73.581" errors="0" timestamp="2023-06-10T12:55:54 IST" skipped="0">
  <testcase classname="com.MainFramework.Amazon.MainTestCases" name="getDriver" time="73.581"/>
  <system-out/>
</testsuite> <!-- com.MainFramework.Amazon.MainTestCases -->
