<?xml version="1.0" encoding="UTF-8"?>
<!-- Generated by org.testng.reporters.JUnitReportReporter -->
<testsuite hostname="DESKTOP-HR87NGL" failures="0" tests="2" name="com.GridPractice.GridMainDemo" time="190.793" errors="0" timestamp="2023-06-08T15:40:03 IST" skipped="0">
  <testcase classname="com.GridPractice.GridMainDemo" name="appleSite" time="91.034"/>
  <system-out/>
  <testcase classname="com.GridPractice.GridMainDemo" name="appleSite" time="99.759"/>
  <system-out/>
</testsuite> <!-- com.GridPractice.GridMainDemo -->
