<?xml version="1.0" encoding="UTF-8"?>
<!-- Generated by org.testng.reporters.JUnitReportReporter -->
<testsuite hostname="DESKTOP-HR87NGL" failures="0" tests="1" name="com.GridPractice.GridDemo2" time="149.557" errors="0" timestamp="2023-06-08T12:49:17 IST" skipped="0">
  <testcase classname="com.GridPractice.GridDemo2" name="scenario1" time="149.557"/>
  <system-out/>
</testsuite> <!-- com.GridPractice.GridDemo2 -->
